<?xml version="1.0" encoding="UTF-8" ?>
<testsuite failures="0" time="0.376" errors="0" skipped="0" tests="5" name="org.uqbar.commons.utils.PropertyDependenciesTest">
  <properties>
[...]
</properties>
  <testcase time="0.005" classname="org.uqbar.commons.utils.PropertyDependenciesTest" name="cuandoSeCreaUnaDependenciaSeAgreganObservadoresParaLasDependencias"/>
  <testcase time="0.07" classname="org.uqbar.commons.utils.PropertyDependenciesTest" name="fallaSiLaPropiedadNoExiste"/>
  <testcase time="0.204" classname="org.uqbar.commons.utils.PropertyDependenciesTest" name="cuandoSeCreaUnaDependenciaYSeLaNotificaActualizaLaPropiedadCalculada"/>
  <testcase time="0.001" classname="org.uqbar.commons.utils.PropertyDependenciesTest" name="notificaSiLaProiedadExisteConElValorActual"/>
  <testcase time="0.002" classname="org.uqbar.commons.utils.PropertyDependenciesTest" name="noHaceNadaSiElObjetoNoEsObservable"/>
</testsuite>